android/app/build/intermediates/manifest_merge_blame_file/release/manifest-merger-blame-release-report.txt
1<?xml version="1.0" encoding="utf-8"?>
2<manifest xmlns:android="http://schemas.android.com/apk/res/android"
3    package="com.promptalarm"
4    android:versionCode="1"
5    android:versionName="1.0" >
6
7    <uses-sdk
8        android:minSdkVersion="16"
8-->src/main/AndroidManifest.xml
9        android:targetSdkVersion="29" />
9-->src/main/AndroidManifest.xml
10
11    <uses-permission android:name="android.permission.INTERNET" />
11-->src/main/AndroidManifest.xml:4:5-67
11-->src/main/AndroidManifest.xml:4:22-64
12    <uses-permission android:name="android.permission.VIBRATE" /> <!-- Although the *SdkVersion is captured in gradle build files, this is required for non gradle builds -->
12-->[:react-native-alarm-notification] AndroidManifest.xml:11:5-66
12-->[:react-native-alarm-notification] AndroidManifest.xml:11:22-63
13    <!-- <uses-sdk android:minSdkVersion="14"/> -->
14    <uses-permission android:name="android.permission.ACCESS_NETWORK_STATE" />
14-->[com.google.android.datatransport:transport-backend-cct:2.3.3] AndroidManifest.xml:25:5-79
14-->[com.google.android.datatransport:transport-backend-cct:2.3.3] AndroidManifest.xml:25:22-76
15    <uses-permission android:name="android.permission.WAKE_LOCK" /> <!-- Required by older versions of Google Play services to create IID tokens -->
15-->[com.google.firebase:firebase-iid:21.0.1] AndroidManifest.xml:24:5-68
15-->[com.google.firebase:firebase-iid:21.0.1] AndroidManifest.xml:24:22-65
16    <uses-permission android:name="com.google.android.c2dm.permission.RECEIVE" /> <!-- for android -->
16-->[com.google.firebase:firebase-iid:21.0.1] AndroidManifest.xml:26:5-82
16-->[com.google.firebase:firebase-iid:21.0.1] AndroidManifest.xml:26:22-79
17    <!-- <uses-permission android:name="com.android.launcher.permission.READ_SETTINGS"/> -->
18    <!-- <uses-permission android:name="com.android.launcher.permission.WRITE_SETTINGS"/> -->
19    <!-- <uses-permission android:name="com.android.launcher.permission.INSTALL_SHORTCUT" /> -->
20    <!-- <uses-permission android:name="com.android.launcher.permission.UNINSTALL_SHORTCUT" /> -->
21    <!-- for Samsung -->
22    <uses-permission android:name="com.sec.android.provider.badge.permission.READ" />
22-->[me.leolin:ShortcutBadger:1.1.22] AndroidManifest.xml:19:5-86
22-->[me.leolin:ShortcutBadger:1.1.22] AndroidManifest.xml:19:22-83
23    <uses-permission android:name="com.sec.android.provider.badge.permission.WRITE" /> <!-- for htc -->
23-->[me.leolin:ShortcutBadger:1.1.22] AndroidManifest.xml:20:5-87
23-->[me.leolin:ShortcutBadger:1.1.22] AndroidManifest.xml:20:22-84
24    <uses-permission android:name="com.htc.launcher.permission.READ_SETTINGS" />
24-->[me.leolin:ShortcutBadger:1.1.22] AndroidManifest.xml:23:5-81
24-->[me.leolin:ShortcutBadger:1.1.22] AndroidManifest.xml:23:22-78
25    <uses-permission android:name="com.htc.launcher.permission.UPDATE_SHORTCUT" /> <!-- for sony -->
25-->[me.leolin:ShortcutBadger:1.1.22] AndroidManifest.xml:24:5-83
25-->[me.leolin:ShortcutBadger:1.1.22] AndroidManifest.xml:24:22-80
26    <uses-permission android:name="com.sonyericsson.home.permission.BROADCAST_BADGE" />
26-->[me.leolin:ShortcutBadger:1.1.22] AndroidManifest.xml:27:5-88
26-->[me.leolin:ShortcutBadger:1.1.22] AndroidManifest.xml:27:22-85
27    <uses-permission android:name="com.sonymobile.home.permission.PROVIDER_INSERT_BADGE" /> <!-- for apex -->
27-->[me.leolin:ShortcutBadger:1.1.22] AndroidManifest.xml:28:5-92
27-->[me.leolin:ShortcutBadger:1.1.22] AndroidManifest.xml:28:22-89
28    <uses-permission android:name="com.anddoes.launcher.permission.UPDATE_COUNT" /> <!-- for solid -->
28-->[me.leolin:ShortcutBadger:1.1.22] AndroidManifest.xml:31:5-84
28-->[me.leolin:ShortcutBadger:1.1.22] AndroidManifest.xml:31:22-81
29    <uses-permission android:name="com.majeur.launcher.permission.UPDATE_BADGE" /> <!-- for huawei -->
29-->[me.leolin:ShortcutBadger:1.1.22] AndroidManifest.xml:34:5-83
29-->[me.leolin:ShortcutBadger:1.1.22] AndroidManifest.xml:34:22-80
30    <uses-permission android:name="com.huawei.android.launcher.permission.CHANGE_BADGE" />
30-->[me.leolin:ShortcutBadger:1.1.22] AndroidManifest.xml:37:5-91
30-->[me.leolin:ShortcutBadger:1.1.22] AndroidManifest.xml:37:22-88
31    <uses-permission android:name="com.huawei.android.launcher.permission.READ_SETTINGS" />
31-->[me.leolin:ShortcutBadger:1.1.22] AndroidManifest.xml:38:5-92
31-->[me.leolin:ShortcutBadger:1.1.22] AndroidManifest.xml:38:22-89
32    <uses-permission android:name="com.huawei.android.launcher.permission.WRITE_SETTINGS" /> <!-- for ZUK -->
32-->[me.leolin:ShortcutBadger:1.1.22] AndroidManifest.xml:39:5-93
32-->[me.leolin:ShortcutBadger:1.1.22] AndroidManifest.xml:39:22-90
33    <uses-permission android:name="android.permission.READ_APP_BADGE" /> <!-- for OPPO -->
33-->[me.leolin:ShortcutBadger:1.1.22] AndroidManifest.xml:42:5-73
33-->[me.leolin:ShortcutBadger:1.1.22] AndroidManifest.xml:42:22-70
34    <uses-permission android:name="com.oppo.launcher.permission.READ_SETTINGS" />
34-->[me.leolin:ShortcutBadger:1.1.22] AndroidManifest.xml:45:5-82
34-->[me.leolin:ShortcutBadger:1.1.22] AndroidManifest.xml:45:22-79
35    <uses-permission android:name="com.oppo.launcher.permission.WRITE_SETTINGS" /> <!-- for EvMe -->
35-->[me.leolin:ShortcutBadger:1.1.22] AndroidManifest.xml:46:5-83
35-->[me.leolin:ShortcutBadger:1.1.22] AndroidManifest.xml:46:22-80
36    <uses-permission android:name="me.everything.badger.permission.BADGE_COUNT_READ" />
36-->[me.leolin:ShortcutBadger:1.1.22] AndroidManifest.xml:49:5-88
36-->[me.leolin:ShortcutBadger:1.1.22] AndroidManifest.xml:49:22-85
37    <uses-permission android:name="me.everything.badger.permission.BADGE_COUNT_WRITE" />
37-->[me.leolin:ShortcutBadger:1.1.22] AndroidManifest.xml:50:5-89
37-->[me.leolin:ShortcutBadger:1.1.22] AndroidManifest.xml:50:22-86
38
39    <application
39-->src/main/AndroidManifest.xml:6:5-25:19
40        android:name="com.promptalarm.MainApplication"
40-->src/main/AndroidManifest.xml:7:7-38
41        android:allowBackup="false"
41-->src/main/AndroidManifest.xml:11:7-34
42        android:appComponentFactory="androidx.core.app.CoreComponentFactory"
42-->[androidx.core:core:1.1.0] AndroidManifest.xml:24:18-86
43        android:icon="@mipmap/ic_launcher"
43-->src/main/AndroidManifest.xml:9:7-41
44        android:label="@string/app_name"
44-->src/main/AndroidManifest.xml:8:7-39
45        android:roundIcon="@mipmap/ic_launcher_round"
45-->src/main/AndroidManifest.xml:10:7-52
46        android:theme="@style/AppTheme" >
46-->src/main/AndroidManifest.xml:12:7-38
47        <activity
47-->src/main/AndroidManifest.xml:13:7-23:18
48            android:name="com.promptalarm.MainActivity"
48-->src/main/AndroidManifest.xml:14:9-37
49            android:configChanges="keyboard|keyboardHidden|orientation|screenSize|uiMode"
49-->src/main/AndroidManifest.xml:16:9-86
50            android:label="@string/app_name"
50-->src/main/AndroidManifest.xml:15:9-41
51            android:launchMode="singleTask"
51-->src/main/AndroidManifest.xml:17:9-40
52            android:windowSoftInputMode="adjustResize" >
52-->src/main/AndroidManifest.xml:18:9-51
53            <intent-filter>
53-->src/main/AndroidManifest.xml:19:9-22:25
54                <action android:name="android.intent.action.MAIN" />
54-->src/main/AndroidManifest.xml:20:13-65
54-->src/main/AndroidManifest.xml:20:21-62
55
56                <category android:name="android.intent.category.LAUNCHER" />
56-->src/main/AndroidManifest.xml:21:13-73
56-->src/main/AndroidManifest.xml:21:23-70
57            </intent-filter>
58        </activity>
59        <activity android:name="com.facebook.react.devsupport.DevSettingsActivity" />
59-->src/main/AndroidManifest.xml:24:7-84
59-->src/main/AndroidManifest.xml:24:17-81
60        <!--
61             FirebaseMessagingService performs security checks at runtime,
62             but set to not exported to explicitly avoid allowing another app to call it.
63        -->
64        <service
64-->[com.google.firebase:firebase-messaging:21.0.1] AndroidManifest.xml:28:9-35:19
65            android:name="com.google.firebase.messaging.FirebaseMessagingService"
65-->[com.google.firebase:firebase-messaging:21.0.1] AndroidManifest.xml:29:13-82
66            android:directBootAware="true"
66-->[com.google.firebase:firebase-messaging:21.0.1] AndroidManifest.xml:30:13-43
67            android:exported="false" >
67-->[com.google.firebase:firebase-messaging:21.0.1] AndroidManifest.xml:31:13-37
68            <intent-filter android:priority="-500" >
68-->[com.google.firebase:firebase-messaging:21.0.1] AndroidManifest.xml:32:13-34:29
68-->[com.google.firebase:firebase-messaging:21.0.1] AndroidManifest.xml:32:28-51
69                <action android:name="com.google.firebase.MESSAGING_EVENT" />
69-->[com.google.firebase:firebase-messaging:21.0.1] AndroidManifest.xml:33:17-78
69-->[com.google.firebase:firebase-messaging:21.0.1] AndroidManifest.xml:33:25-75
70            </intent-filter>
71        </service>
72        <service
72-->[com.google.firebase:firebase-messaging:21.0.1] AndroidManifest.xml:36:9-42:19
73            android:name="com.google.firebase.components.ComponentDiscoveryService"
73-->[com.google.firebase:firebase-messaging:21.0.1] AndroidManifest.xml:37:13-84
74            android:directBootAware="true"
74-->[com.google.firebase:firebase-common:19.5.0] AndroidManifest.xml:35:13-43
75            android:exported="false" >
75-->[com.google.firebase:firebase-messaging:21.0.1] AndroidManifest.xml:38:13-37
76            <meta-data
76-->[com.google.firebase:firebase-messaging:21.0.1] AndroidManifest.xml:39:13-41:85
77                android:name="com.google.firebase.components:com.google.firebase.messaging.FirebaseMessagingRegistrar"
77-->[com.google.firebase:firebase-messaging:21.0.1] AndroidManifest.xml:40:17-119
78                android:value="com.google.firebase.components.ComponentRegistrar" />
78-->[com.google.firebase:firebase-messaging:21.0.1] AndroidManifest.xml:41:17-82
79            <meta-data
79-->[com.google.firebase:firebase-datatransport:17.0.10] AndroidManifest.xml:28:13-30:85
80                android:name="com.google.firebase.components:com.google.firebase.datatransport.TransportRegistrar"
80-->[com.google.firebase:firebase-datatransport:17.0.10] AndroidManifest.xml:29:17-115
81                android:value="com.google.firebase.components.ComponentRegistrar" />
81-->[com.google.firebase:firebase-datatransport:17.0.10] AndroidManifest.xml:30:17-82
82            <meta-data
82-->[com.google.firebase:firebase-iid:21.0.1] AndroidManifest.xml:32:13-34:85
83                android:name="com.google.firebase.components:com.google.firebase.iid.Registrar"
83-->[com.google.firebase:firebase-iid:21.0.1] AndroidManifest.xml:33:17-96
84                android:value="com.google.firebase.components.ComponentRegistrar" />
84-->[com.google.firebase:firebase-iid:21.0.1] AndroidManifest.xml:34:17-82
85            <meta-data
85-->[com.google.firebase:firebase-installations:16.3.5] AndroidManifest.xml:18:13-20:85
86                android:name="com.google.firebase.components:com.google.firebase.installations.FirebaseInstallationsRegistrar"
86-->[com.google.firebase:firebase-installations:16.3.5] AndroidManifest.xml:19:17-127
87                android:value="com.google.firebase.components.ComponentRegistrar" />
87-->[com.google.firebase:firebase-installations:16.3.5] AndroidManifest.xml:20:17-82
88            <!--
89                This registrar is not defined in the dynamic-module-support sdk itself to allow non-firebase
90                clients to use it as well, by defining this registrar in their own core/common library.
91            -->
92            <meta-data
92-->[com.google.firebase:firebase-common:19.5.0] AndroidManifest.xml:43:13-45:85
93                android:name="com.google.firebase.components:com.google.firebase.dynamicloading.DynamicLoadingRegistrar"
93-->[com.google.firebase:firebase-common:19.5.0] AndroidManifest.xml:44:17-121
94                android:value="com.google.firebase.components.ComponentRegistrar" />
94-->[com.google.firebase:firebase-common:19.5.0] AndroidManifest.xml:45:17-82
95        </service>
96        <service
96-->[com.google.android.datatransport:transport-backend-cct:2.3.3] AndroidManifest.xml:29:9-35:19
97            android:name="com.google.android.datatransport.runtime.backends.TransportBackendDiscovery"
97-->[com.google.android.datatransport:transport-backend-cct:2.3.3] AndroidManifest.xml:30:13-103
98            android:exported="false" >
98-->[com.google.android.datatransport:transport-backend-cct:2.3.3] AndroidManifest.xml:31:13-37
99            <meta-data
99-->[com.google.android.datatransport:transport-backend-cct:2.3.3] AndroidManifest.xml:32:13-34:39
100                android:name="backend:com.google.android.datatransport.cct.CctBackendFactory"
100-->[com.google.android.datatransport:transport-backend-cct:2.3.3] AndroidManifest.xml:33:17-94
101                android:value="cct" />
101-->[com.google.android.datatransport:transport-backend-cct:2.3.3] AndroidManifest.xml:34:17-36
102        </service>
103        <service
103-->[com.google.android.datatransport:transport-runtime:2.2.5] AndroidManifest.xml:26:9-30:19
104            android:name="com.google.android.datatransport.runtime.scheduling.jobscheduling.JobInfoSchedulerService"
104-->[com.google.android.datatransport:transport-runtime:2.2.5] AndroidManifest.xml:27:13-117
105            android:exported="false"
105-->[com.google.android.datatransport:transport-runtime:2.2.5] AndroidManifest.xml:28:13-37
106            android:permission="android.permission.BIND_JOB_SERVICE" >
106-->[com.google.android.datatransport:transport-runtime:2.2.5] AndroidManifest.xml:29:13-69
107        </service>
108
109        <receiver
109-->[com.google.android.datatransport:transport-runtime:2.2.5] AndroidManifest.xml:32:9-34:40
110            android:name="com.google.android.datatransport.runtime.scheduling.jobscheduling.AlarmManagerSchedulerBroadcastReceiver"
110-->[com.google.android.datatransport:transport-runtime:2.2.5] AndroidManifest.xml:33:13-132
111            android:exported="false" />
111-->[com.google.android.datatransport:transport-runtime:2.2.5] AndroidManifest.xml:34:13-37
112        <receiver
112-->[com.google.firebase:firebase-iid:21.0.1] AndroidManifest.xml:37:9-44:20
113            android:name="com.google.firebase.iid.FirebaseInstanceIdReceiver"
113-->[com.google.firebase:firebase-iid:21.0.1] AndroidManifest.xml:38:13-78
114            android:exported="true"
114-->[com.google.firebase:firebase-iid:21.0.1] AndroidManifest.xml:39:13-36
115            android:permission="com.google.android.c2dm.permission.SEND" >
115-->[com.google.firebase:firebase-iid:21.0.1] AndroidManifest.xml:40:13-73
116            <intent-filter>
116-->[com.google.firebase:firebase-iid:21.0.1] AndroidManifest.xml:41:13-43:29
117                <action android:name="com.google.android.c2dm.intent.RECEIVE" />
117-->[com.google.firebase:firebase-iid:21.0.1] AndroidManifest.xml:42:17-81
117-->[com.google.firebase:firebase-iid:21.0.1] AndroidManifest.xml:42:25-78
118            </intent-filter>
119        </receiver>
120
121        <provider
121-->[com.google.firebase:firebase-common:19.5.0] AndroidManifest.xml:26:9-31:39
122            android:name="com.google.firebase.provider.FirebaseInitProvider"
122-->[com.google.firebase:firebase-common:19.5.0] AndroidManifest.xml:27:13-77
123            android:authorities="com.promptalarm.firebaseinitprovider"
123-->[com.google.firebase:firebase-common:19.5.0] AndroidManifest.xml:28:13-72
124            android:directBootAware="true"
124-->[com.google.firebase:firebase-common:19.5.0] AndroidManifest.xml:29:13-43
125            android:exported="false"
125-->[com.google.firebase:firebase-common:19.5.0] AndroidManifest.xml:30:13-37
126            android:initOrder="100" />
126-->[com.google.firebase:firebase-common:19.5.0] AndroidManifest.xml:31:13-36
127
128        <activity
128-->[com.google.android.gms:play-services-base:17.0.0] AndroidManifest.xml:23:9-26:75
129            android:name="com.google.android.gms.common.api.GoogleApiActivity"
129-->[com.google.android.gms:play-services-base:17.0.0] AndroidManifest.xml:24:13-79
130            android:exported="false"
130-->[com.google.android.gms:play-services-base:17.0.0] AndroidManifest.xml:25:13-37
131            android:theme="@android:style/Theme.Translucent.NoTitleBar" />
131-->[com.google.android.gms:play-services-base:17.0.0] AndroidManifest.xml:26:13-72
132
133        <meta-data
133-->[com.google.android.gms:play-services-basement:17.0.0] AndroidManifest.xml:23:9-25:69
134            android:name="com.google.android.gms.version"
134-->[com.google.android.gms:play-services-basement:17.0.0] AndroidManifest.xml:24:13-58
135            android:value="@integer/google_play_services_version" />
135-->[com.google.android.gms:play-services-basement:17.0.0] AndroidManifest.xml:25:13-66
136    </application>
137
138</manifest>